2021-12-15 17:10:26.382  INFO 6832 --- [restartedMain] .r.RestaurantManagementSystemApplication : Starting RestaurantManagementSystemApplication using Java 17 on LIN76005265 with PID 6832 (C:\Users\sbangari\Desktop\RestaurantManagementSystem\bin\main started by sbangari in C:\Users\sbangari\Desktop\RestaurantManagementSystem)
2021-12-15 17:10:26.396  INFO 6832 --- [restartedMain] .r.RestaurantManagementSystemApplication : No active profile set, falling back to default profiles: default
2021-12-15 17:10:26.445  INFO 6832 --- [restartedMain] .e.DevToolsPropertyDefaultsPostProcessor : Devtools property defaults active! Set 'spring.devtools.add-properties' to 'false' to disable
2021-12-15 17:10:26.445  INFO 6832 --- [restartedMain] .e.DevToolsPropertyDefaultsPostProcessor : For additional web related logging consider setting the 'logging.level.web' property to 'DEBUG'
2021-12-15 17:10:27.167  INFO 6832 --- [restartedMain] .s.d.r.c.RepositoryConfigurationDelegate : Bootstrapping Spring Data JPA repositories in DEFAULT mode.
2021-12-15 17:10:27.217  INFO 6832 --- [restartedMain] .s.d.r.c.RepositoryConfigurationDelegate : Finished Spring Data repository scanning in 43 ms. Found 5 JPA repository interfaces.
2021-12-15 17:10:27.796  INFO 6832 --- [restartedMain] o.s.b.w.embedded.tomcat.TomcatWebServer  : Tomcat initialized with port(s): 8081 (http)
2021-12-15 17:10:27.806  INFO 6832 --- [restartedMain] o.apache.catalina.core.StandardService   : Starting service [Tomcat]
2021-12-15 17:10:27.806  INFO 6832 --- [restartedMain] org.apache.catalina.core.StandardEngine  : Starting Servlet engine: [Apache Tomcat/9.0.55]
2021-12-15 17:10:27.893  INFO 6832 --- [restartedMain] o.a.c.c.C.[Tomcat].[localhost].[/rms]    : Initializing Spring embedded WebApplicationContext
2021-12-15 17:10:27.893  INFO 6832 --- [restartedMain] w.s.c.ServletWebServerApplicationContext : Root WebApplicationContext: initialization completed in 1447 ms
2021-12-15 17:10:27.988 DEBUG 6832 --- [restartedMain] o.s.w.f.CommonsRequestLoggingFilter      : Filter 'requestLoggingFilter' configured for use
2021-12-15 17:10:28.097  INFO 6832 --- [restartedMain] o.hibernate.jpa.internal.util.LogHelper  : HHH000204: Processing PersistenceUnitInfo [name: default]
2021-12-15 17:10:28.134  INFO 6832 --- [restartedMain] org.hibernate.Version                    : HHH000412: Hibernate ORM core version 5.4.32.Final
2021-12-15 17:10:28.235  INFO 6832 --- [restartedMain] o.hibernate.annotations.common.Version   : HCANN000001: Hibernate Commons Annotations {5.1.2.Final}
2021-12-15 17:10:28.316  INFO 6832 --- [restartedMain] com.zaxxer.hikari.HikariDataSource       : HikariPool-1 - Starting...
2021-12-15 17:10:28.585  INFO 6832 --- [restartedMain] com.zaxxer.hikari.HikariDataSource       : HikariPool-1 - Start completed.
2021-12-15 17:10:28.599  INFO 6832 --- [restartedMain] org.hibernate.dialect.Dialect            : HHH000400: Using dialect: org.hibernate.dialect.PostgreSQLDialect
2021-12-15 17:10:29.258  INFO 6832 --- [restartedMain] o.h.e.t.j.p.i.JtaPlatformInitiator       : HHH000490: Using JtaPlatform implementation: [org.hibernate.engine.transaction.jta.platform.internal.NoJtaPlatform]
2021-12-15 17:10:29.267  INFO 6832 --- [restartedMain] j.LocalContainerEntityManagerFactoryBean : Initialized JPA EntityManagerFactory for persistence unit 'default'
2021-12-15 17:10:29.896  WARN 6832 --- [restartedMain] JpaBaseConfiguration$JpaWebConfiguration : spring.jpa.open-in-view is enabled by default. Therefore, database queries may be performed during view rendering. Explicitly configure spring.jpa.open-in-view to disable this warning
2021-12-15 17:10:30.140  WARN 6832 --- [restartedMain] ConfigServletWebServerApplicationContext : Exception encountered during context initialization - cancelling refresh attempt: org.springframework.beans.factory.UnsatisfiedDependencyException: Error creating bean with name 'webMvcRequestHandlerProvider' defined in URL [jar:file:/C:/Users/sbangari/.gradle/caches/modules-2/files-2.1/io.springfox/springfox-spring-webmvc/3.0.0/7ed22363fdfd651cd811c0b2391f16bddb91db8b/springfox-spring-webmvc-3.0.0.jar!/springfox/documentation/spring/web/plugins/WebMvcRequestHandlerProvider.class]: Unsatisfied dependency expressed through constructor parameter 2; nested exception is org.springframework.beans.factory.BeanCreationException: Error creating bean with name 'requestMappingHandlerMapping' defined in class path resource [org/springframework/boot/autoconfigure/web/servlet/WebMvcAutoConfiguration$EnableWebMvcConfiguration.class]: Invocation of init method failed; nested exception is java.lang.IllegalStateException: Ambiguous mapping. Cannot map 'userController' method 
com.rms.controller.UserController#welcome()
to {GET [/]}: There is already 'ordersTableController' bean method
com.rms.controller.OrdersTableController#welcome() mapped.
Related cause: org.springframework.beans.factory.BeanCreationException: Error creating bean with name 'jsonSchemaConverter' defined in class path resource [org/springframework/data/rest/webmvc/config/RepositoryRestMvcConfiguration.class]: Bean instantiation via factory method failed; nested exception is org.springframework.beans.BeanInstantiationException: Failed to instantiate [org.springframework.data.rest.webmvc.json.PersistentEntityToJsonSchemaConverter]: Factory method 'jsonSchemaConverter' threw exception; nested exception is org.springframework.beans.factory.UnsatisfiedDependencyException: Error creating bean with name 'linkCollector' defined in class path resource [org/springframework/data/rest/webmvc/config/RepositoryRestMvcConfiguration.class]: Unsatisfied dependency expressed through method 'linkCollector' parameter 1; nested exception is org.springframework.beans.factory.BeanCreationException: Error creating bean with name 'selfLinkProvider' defined in class path resource [org/springframework/data/rest/webmvc/config/RepositoryRestMvcConfiguration.class]: Bean instantiation via factory method failed; nested exception is org.springframework.beans.BeanInstantiationException: Failed to instantiate [org.springframework.data.rest.core.support.SelfLinkProvider]: Factory method 'selfLinkProvider' threw exception; nested exception is org.springframework.beans.factory.BeanCurrentlyInCreationException: Error creating bean with name 'mvcConversionService': Requested bean is currently in creation: Is there an unresolvable circular reference?
2021-12-15 17:10:30.143  INFO 6832 --- [restartedMain] j.LocalContainerEntityManagerFactoryBean : Closing JPA EntityManagerFactory for persistence unit 'default'
2021-12-15 17:10:30.146  INFO 6832 --- [restartedMain] com.zaxxer.hikari.HikariDataSource       : HikariPool-1 - Shutdown initiated...
2021-12-15 17:10:30.202  INFO 6832 --- [restartedMain] com.zaxxer.hikari.HikariDataSource       : HikariPool-1 - Shutdown completed.
2021-12-15 17:10:30.205  INFO 6832 --- [restartedMain] o.apache.catalina.core.StandardService   : Stopping service [Tomcat]
2021-12-15 17:10:30.214  INFO 6832 --- [restartedMain] ConditionEvaluationReportLoggingListener : 

Error starting ApplicationContext. To display the conditions report re-run your application with 'debug' enabled.
2021-12-15 17:10:30.231 ERROR 6832 --- [restartedMain] o.s.boot.SpringApplication               : Application run failed

org.springframework.beans.factory.UnsatisfiedDependencyException: Error creating bean with name 'webMvcRequestHandlerProvider' defined in URL [jar:file:/C:/Users/sbangari/.gradle/caches/modules-2/files-2.1/io.springfox/springfox-spring-webmvc/3.0.0/7ed22363fdfd651cd811c0b2391f16bddb91db8b/springfox-spring-webmvc-3.0.0.jar!/springfox/documentation/spring/web/plugins/WebMvcRequestHandlerProvider.class]: Unsatisfied dependency expressed through constructor parameter 2; nested exception is org.springframework.beans.factory.BeanCreationException: Error creating bean with name 'requestMappingHandlerMapping' defined in class path resource [org/springframework/boot/autoconfigure/web/servlet/WebMvcAutoConfiguration$EnableWebMvcConfiguration.class]: Invocation of init method failed; nested exception is java.lang.IllegalStateException: Ambiguous mapping. Cannot map 'userController' method 
com.rms.controller.UserController#welcome()
to {GET [/]}: There is already 'ordersTableController' bean method
com.rms.controller.OrdersTableController#welcome() mapped.
	at org.springframework.beans.factory.support.ConstructorResolver.createArgumentArray(ConstructorResolver.java:800) ~[spring-beans-5.3.13.jar:5.3.13]
	at org.springframework.beans.factory.support.ConstructorResolver.autowireConstructor(ConstructorResolver.java:229) ~[spring-beans-5.3.13.jar:5.3.13]
	at org.springframework.beans.factory.support.AbstractAutowireCapableBeanFactory.autowireConstructor(AbstractAutowireCapableBeanFactory.java:1372) ~[spring-beans-5.3.13.jar:5.3.13]
	at org.springframework.beans.factory.support.AbstractAutowireCapableBeanFactory.createBeanInstance(AbstractAutowireCapableBeanFactory.java:1222) ~[spring-beans-5.3.13.jar:5.3.13]
	at org.springframework.beans.factory.support.AbstractAutowireCapableBeanFactory.doCreateBean(AbstractAutowireCapableBeanFactory.java:582) ~[spring-beans-5.3.13.jar:5.3.13]
	at org.springframework.beans.factory.support.AbstractAutowireCapableBeanFactory.createBean(AbstractAutowireCapableBeanFactory.java:542) ~[spring-beans-5.3.13.jar:5.3.13]
	at org.springframework.beans.factory.support.AbstractBeanFactory.lambda$doGetBean$0(AbstractBeanFactory.java:335) ~[spring-beans-5.3.13.jar:5.3.13]
	at org.springframework.beans.factory.support.DefaultSingletonBeanRegistry.getSingleton(DefaultSingletonBeanRegistry.java:234) ~[spring-beans-5.3.13.jar:5.3.13]
	at org.springframework.beans.factory.support.AbstractBeanFactory.doGetBean(AbstractBeanFactory.java:333) ~[spring-beans-5.3.13.jar:5.3.13]
	at org.springframework.beans.factory.support.AbstractBeanFactory.getBean(AbstractBeanFactory.java:208) ~[spring-beans-5.3.13.jar:5.3.13]
	at org.springframework.beans.factory.support.DefaultListableBeanFactory.preInstantiateSingletons(DefaultListableBeanFactory.java:944) ~[spring-beans-5.3.13.jar:5.3.13]
	at org.springframework.context.support.AbstractApplicationContext.finishBeanFactoryInitialization(AbstractApplicationContext.java:918) ~[spring-context-5.3.13.jar:5.3.13]
	at org.springframework.context.support.AbstractApplicationContext.refresh(AbstractApplicationContext.java:583) ~[spring-context-5.3.13.jar:5.3.13]
	at org.springframework.boot.web.servlet.context.ServletWebServerApplicationContext.refresh(ServletWebServerApplicationContext.java:145) ~[spring-boot-2.5.7.jar:2.5.7]
	at org.springframework.boot.SpringApplication.refresh(SpringApplication.java:765) ~[spring-boot-2.5.7.jar:2.5.7]
	at org.springframework.boot.SpringApplication.refreshContext(SpringApplication.java:445) ~[spring-boot-2.5.7.jar:2.5.7]
	at org.springframework.boot.SpringApplication.run(SpringApplication.java:338) ~[spring-boot-2.5.7.jar:2.5.7]
	at org.springframework.boot.SpringApplication.run(SpringApplication.java:1354) ~[spring-boot-2.5.7.jar:2.5.7]
	at org.springframework.boot.SpringApplication.run(SpringApplication.java:1343) ~[spring-boot-2.5.7.jar:2.5.7]
	at com.rms.RestaurantManagementSystemApplication.main(RestaurantManagementSystemApplication.java:33) ~[main/:na]
	at java.base/jdk.internal.reflect.NativeMethodAccessorImpl.invoke0(Native Method) ~[na:na]
	at java.base/jdk.internal.reflect.NativeMethodAccessorImpl.invoke(NativeMethodAccessorImpl.java:77) ~[na:na]
	at java.base/jdk.internal.reflect.DelegatingMethodAccessorImpl.invoke(DelegatingMethodAccessorImpl.java:43) ~[na:na]
	at java.base/java.lang.reflect.Method.invoke(Method.java:568) ~[na:na]
	at org.springframework.boot.devtools.restart.RestartLauncher.run(RestartLauncher.java:49) ~[spring-boot-devtools-2.5.7.jar:2.5.7]
Caused by: org.springframework.beans.factory.BeanCreationException: Error creating bean with name 'requestMappingHandlerMapping' defined in class path resource [org/springframework/boot/autoconfigure/web/servlet/WebMvcAutoConfiguration$EnableWebMvcConfiguration.class]: Invocation of init method failed; nested exception is java.lang.IllegalStateException: Ambiguous mapping. Cannot map 'userController' method 
com.rms.controller.UserController#welcome()
to {GET [/]}: There is already 'ordersTableController' bean method
com.rms.controller.OrdersTableController#welcome() mapped.
	at org.springframework.beans.factory.support.AbstractAutowireCapableBeanFactory.initializeBean(AbstractAutowireCapableBeanFactory.java:1804) ~[spring-beans-5.3.13.jar:5.3.13]
	at org.springframework.beans.factory.support.AbstractAutowireCapableBeanFactory.doCreateBean(AbstractAutowireCapableBeanFactory.java:620) ~[spring-beans-5.3.13.jar:5.3.13]
	at org.springframework.beans.factory.support.AbstractAutowireCapableBeanFactory.createBean(AbstractAutowireCapableBeanFactory.java:542) ~[spring-beans-5.3.13.jar:5.3.13]
	at org.springframework.beans.factory.support.AbstractBeanFactory.lambda$doGetBean$0(AbstractBeanFactory.java:335) ~[spring-beans-5.3.13.jar:5.3.13]
	at org.springframework.beans.factory.support.DefaultSingletonBeanRegistry.getSingleton(DefaultSingletonBeanRegistry.java:234) ~[spring-beans-5.3.13.jar:5.3.13]
	at org.springframework.beans.factory.support.AbstractBeanFactory.doGetBean(AbstractBeanFactory.java:333) ~[spring-beans-5.3.13.jar:5.3.13]
	at org.springframework.beans.factory.support.AbstractBeanFactory.getBean(AbstractBeanFactory.java:208) ~[spring-beans-5.3.13.jar:5.3.13]
	at org.springframework.beans.factory.config.DependencyDescriptor.resolveCandidate(DependencyDescriptor.java:276) ~[spring-beans-5.3.13.jar:5.3.13]
	at org.springframework.beans.factory.support.DefaultListableBeanFactory.addCandidateEntry(DefaultListableBeanFactory.java:1598) ~[spring-beans-5.3.13.jar:5.3.13]
	at org.springframework.beans.factory.support.DefaultListableBeanFactory.findAutowireCandidates(DefaultListableBeanFactory.java:1562) ~[spring-beans-5.3.13.jar:5.3.13]
	at org.springframework.beans.factory.support.DefaultListableBeanFactory.resolveMultipleBeans(DefaultListableBeanFactory.java:1451) ~[spring-beans-5.3.13.jar:5.3.13]
	at org.springframework.beans.factory.support.DefaultListableBeanFactory.doResolveDependency(DefaultListableBeanFactory.java:1338) ~[spring-beans-5.3.13.jar:5.3.13]
	at org.springframework.beans.factory.support.DefaultListableBeanFactory.resolveDependency(DefaultListableBeanFactory.java:1300) ~[spring-beans-5.3.13.jar:5.3.13]
	at org.springframework.beans.factory.support.ConstructorResolver.resolveAutowiredArgument(ConstructorResolver.java:887) ~[spring-beans-5.3.13.jar:5.3.13]
	at org.springframework.beans.factory.support.ConstructorResolver.createArgumentArray(ConstructorResolver.java:791) ~[spring-beans-5.3.13.jar:5.3.13]
	... 24 common frames omitted
Caused by: java.lang.IllegalStateException: Ambiguous mapping. Cannot map 'userController' method 
com.rms.controller.UserController#welcome()
to {GET [/]}: There is already 'ordersTableController' bean method
com.rms.controller.OrdersTableController#welcome() mapped.
	at org.springframework.web.servlet.handler.AbstractHandlerMethodMapping$MappingRegistry.validateMethodMapping(AbstractHandlerMethodMapping.java:669) ~[spring-webmvc-5.3.13.jar:5.3.13]
	at org.springframework.web.servlet.handler.AbstractHandlerMethodMapping$MappingRegistry.register(AbstractHandlerMethodMapping.java:635) ~[spring-webmvc-5.3.13.jar:5.3.13]
	at org.springframework.web.servlet.handler.AbstractHandlerMethodMapping.registerHandlerMethod(AbstractHandlerMethodMapping.java:332) ~[spring-webmvc-5.3.13.jar:5.3.13]
	at org.springframework.web.servlet.mvc.method.annotation.RequestMappingHandlerMapping.registerHandlerMethod(RequestMappingHandlerMapping.java:395) ~[spring-webmvc-5.3.13.jar:5.3.13]
	at org.springframework.web.servlet.mvc.method.annotation.RequestMappingHandlerMapping.registerHandlerMethod(RequestMappingHandlerMapping.java:76) ~[spring-webmvc-5.3.13.jar:5.3.13]
	at org.springframework.web.servlet.handler.AbstractHandlerMethodMapping.lambda$detectHandlerMethods$2(AbstractHandlerMethodMapping.java:299) ~[spring-webmvc-5.3.13.jar:5.3.13]
	at java.base/java.util.LinkedHashMap.forEach(LinkedHashMap.java:721) ~[na:na]
	at org.springframework.web.servlet.handler.AbstractHandlerMethodMapping.detectHandlerMethods(AbstractHandlerMethodMapping.java:297) ~[spring-webmvc-5.3.13.jar:5.3.13]
	at org.springframework.web.servlet.handler.AbstractHandlerMethodMapping.processCandidateBean(AbstractHandlerMethodMapping.java:266) ~[spring-webmvc-5.3.13.jar:5.3.13]
	at org.springframework.web.servlet.handler.AbstractHandlerMethodMapping.initHandlerMethods(AbstractHandlerMethodMapping.java:225) ~[spring-webmvc-5.3.13.jar:5.3.13]
	at org.springframework.web.servlet.handler.AbstractHandlerMethodMapping.afterPropertiesSet(AbstractHandlerMethodMapping.java:213) ~[spring-webmvc-5.3.13.jar:5.3.13]
	at org.springframework.web.servlet.mvc.method.annotation.RequestMappingHandlerMapping.afterPropertiesSet(RequestMappingHandlerMapping.java:206) ~[spring-webmvc-5.3.13.jar:5.3.13]
	at org.springframework.beans.factory.support.AbstractAutowireCapableBeanFactory.invokeInitMethods(AbstractAutowireCapableBeanFactory.java:1863) ~[spring-beans-5.3.13.jar:5.3.13]
	at org.springframework.beans.factory.support.AbstractAutowireCapableBeanFactory.initializeBean(AbstractAutowireCapableBeanFactory.java:1800) ~[spring-beans-5.3.13.jar:5.3.13]
	... 38 common frames omitted

2021-12-15 17:11:16.360  INFO 7600 --- [restartedMain] .r.RestaurantManagementSystemApplication : Starting RestaurantManagementSystemApplication using Java 17 on LIN76005265 with PID 7600 (C:\Users\sbangari\Desktop\RestaurantManagementSystem\bin\main started by sbangari in C:\Users\sbangari\Desktop\RestaurantManagementSystem)
2021-12-15 17:11:16.361  INFO 7600 --- [restartedMain] .r.RestaurantManagementSystemApplication : No active profile set, falling back to default profiles: default
2021-12-15 17:11:16.398  INFO 7600 --- [restartedMain] .e.DevToolsPropertyDefaultsPostProcessor : Devtools property defaults active! Set 'spring.devtools.add-properties' to 'false' to disable
2021-12-15 17:11:16.398  INFO 7600 --- [restartedMain] .e.DevToolsPropertyDefaultsPostProcessor : For additional web related logging consider setting the 'logging.level.web' property to 'DEBUG'
2021-12-15 17:11:17.088  INFO 7600 --- [restartedMain] .s.d.r.c.RepositoryConfigurationDelegate : Bootstrapping Spring Data JPA repositories in DEFAULT mode.
2021-12-15 17:11:17.137  INFO 7600 --- [restartedMain] .s.d.r.c.RepositoryConfigurationDelegate : Finished Spring Data repository scanning in 43 ms. Found 5 JPA repository interfaces.
2021-12-15 17:11:17.672  INFO 7600 --- [restartedMain] o.s.b.w.embedded.tomcat.TomcatWebServer  : Tomcat initialized with port(s): 8081 (http)
2021-12-15 17:11:17.678  INFO 7600 --- [restartedMain] o.apache.catalina.core.StandardService   : Starting service [Tomcat]
2021-12-15 17:11:17.679  INFO 7600 --- [restartedMain] org.apache.catalina.core.StandardEngine  : Starting Servlet engine: [Apache Tomcat/9.0.55]
2021-12-15 17:11:17.754  INFO 7600 --- [restartedMain] o.a.c.c.C.[Tomcat].[localhost].[/rms]    : Initializing Spring embedded WebApplicationContext
2021-12-15 17:11:17.755  INFO 7600 --- [restartedMain] w.s.c.ServletWebServerApplicationContext : Root WebApplicationContext: initialization completed in 1357 ms
2021-12-15 17:11:17.847 DEBUG 7600 --- [restartedMain] o.s.w.f.CommonsRequestLoggingFilter      : Filter 'requestLoggingFilter' configured for use
2021-12-15 17:11:17.954  INFO 7600 --- [restartedMain] o.hibernate.jpa.internal.util.LogHelper  : HHH000204: Processing PersistenceUnitInfo [name: default]
2021-12-15 17:11:17.992  INFO 7600 --- [restartedMain] org.hibernate.Version                    : HHH000412: Hibernate ORM core version 5.4.32.Final
2021-12-15 17:11:18.096  INFO 7600 --- [restartedMain] o.hibernate.annotations.common.Version   : HCANN000001: Hibernate Commons Annotations {5.1.2.Final}
2021-12-15 17:11:18.177  INFO 7600 --- [restartedMain] com.zaxxer.hikari.HikariDataSource       : HikariPool-1 - Starting...
2021-12-15 17:11:18.413  INFO 7600 --- [restartedMain] com.zaxxer.hikari.HikariDataSource       : HikariPool-1 - Start completed.
2021-12-15 17:11:18.426  INFO 7600 --- [restartedMain] org.hibernate.dialect.Dialect            : HHH000400: Using dialect: org.hibernate.dialect.PostgreSQLDialect
2021-12-15 17:11:19.016  INFO 7600 --- [restartedMain] o.h.e.t.j.p.i.JtaPlatformInitiator       : HHH000490: Using JtaPlatform implementation: [org.hibernate.engine.transaction.jta.platform.internal.NoJtaPlatform]
2021-12-15 17:11:19.026  INFO 7600 --- [restartedMain] j.LocalContainerEntityManagerFactoryBean : Initialized JPA EntityManagerFactory for persistence unit 'default'
2021-12-15 17:11:19.638  WARN 7600 --- [restartedMain] JpaBaseConfiguration$JpaWebConfiguration : spring.jpa.open-in-view is enabled by default. Therefore, database queries may be performed during view rendering. Explicitly configure spring.jpa.open-in-view to disable this warning
2021-12-15 17:11:20.196  INFO 7600 --- [restartedMain] o.s.b.d.a.OptionalLiveReloadServer       : LiveReload server is running on port 35729
2021-12-15 17:11:20.574  INFO 7600 --- [restartedMain] o.s.b.w.embedded.tomcat.TomcatWebServer  : Tomcat started on port(s): 8081 (http) with context path '/rms'
2021-12-15 17:11:20.856  INFO 7600 --- [restartedMain] .r.RestaurantManagementSystemApplication : Started RestaurantManagementSystemApplication in 4.797 seconds (JVM running for 5.439)
2021-12-15 17:11:33.054  INFO 7600 --- [http-nio-8081-exec-1] o.a.c.c.C.[Tomcat].[localhost].[/rms]    : Initializing Spring DispatcherServlet 'dispatcherServlet'
2021-12-15 17:11:33.054  INFO 7600 --- [http-nio-8081-exec-1] o.s.web.servlet.DispatcherServlet        : Initializing Servlet 'dispatcherServlet'
2021-12-15 17:11:33.057  INFO 7600 --- [http-nio-8081-exec-1] o.s.web.servlet.DispatcherServlet        : Completed initialization in 2 ms
2021-12-15 17:11:33.072 DEBUG 7600 --- [http-nio-8081-exec-1] o.s.w.f.CommonsRequestLoggingFilter      : Before request [GET /rms/swagger-ui/, client=0:0:0:0:0:0:0:1]
2021-12-15 17:11:33.104 DEBUG 7600 --- [http-nio-8081-exec-1] o.s.w.f.CommonsRequestLoggingFilter      : After request [GET /rms/swagger-ui/, client=0:0:0:0:0:0:0:1]
2021-12-15 17:11:33.391 DEBUG 7600 --- [http-nio-8081-exec-2] o.s.w.f.CommonsRequestLoggingFilter      : Before request [GET /rms/swagger-ui/springfox.css?v=3.0.0, client=0:0:0:0:0:0:0:1]
2021-12-15 17:11:33.391 DEBUG 7600 --- [http-nio-8081-exec-3] o.s.w.f.CommonsRequestLoggingFilter      : Before request [GET /rms/swagger-ui/swagger-ui.css?v=3.0.0, client=0:0:0:0:0:0:0:1]
2021-12-15 17:11:33.393 DEBUG 7600 --- [http-nio-8081-exec-4] o.s.w.f.CommonsRequestLoggingFilter      : Before request [GET /rms/swagger-ui/swagger-ui-bundle.js?v=3.0.0, client=0:0:0:0:0:0:0:1]
2021-12-15 17:11:33.394 DEBUG 7600 --- [http-nio-8081-exec-2] o.s.w.f.CommonsRequestLoggingFilter      : After request [GET /rms/swagger-ui/springfox.css?v=3.0.0, client=0:0:0:0:0:0:0:1]
2021-12-15 17:11:33.395 DEBUG 7600 --- [http-nio-8081-exec-3] o.s.w.f.CommonsRequestLoggingFilter      : After request [GET /rms/swagger-ui/swagger-ui.css?v=3.0.0, client=0:0:0:0:0:0:0:1]
2021-12-15 17:11:33.397 DEBUG 7600 --- [http-nio-8081-exec-4] o.s.w.f.CommonsRequestLoggingFilter      : After request [GET /rms/swagger-ui/swagger-ui-bundle.js?v=3.0.0, client=0:0:0:0:0:0:0:1]
2021-12-15 17:11:33.399 DEBUG 7600 --- [http-nio-8081-exec-6] o.s.w.f.CommonsRequestLoggingFilter      : Before request [GET /rms/swagger-ui/springfox.js?v=3.0.0, client=0:0:0:0:0:0:0:1]
2021-12-15 17:11:33.399 DEBUG 7600 --- [http-nio-8081-exec-5] o.s.w.f.CommonsRequestLoggingFilter      : Before request [GET /rms/swagger-ui/swagger-ui-standalone-preset.js?v=3.0.0, client=0:0:0:0:0:0:0:1]
2021-12-15 17:11:33.402 DEBUG 7600 --- [http-nio-8081-exec-5] o.s.w.f.CommonsRequestLoggingFilter      : After request [GET /rms/swagger-ui/swagger-ui-standalone-preset.js?v=3.0.0, client=0:0:0:0:0:0:0:1]
2021-12-15 17:11:33.402 DEBUG 7600 --- [http-nio-8081-exec-6] o.s.w.f.CommonsRequestLoggingFilter      : After request [GET /rms/swagger-ui/springfox.js?v=3.0.0, client=0:0:0:0:0:0:0:1]
2021-12-15 17:11:33.624 DEBUG 7600 --- [http-nio-8081-exec-7] o.s.w.f.CommonsRequestLoggingFilter      : Before request [GET /rms/swagger-resources/configuration/ui, client=0:0:0:0:0:0:0:1]
2021-12-15 17:11:33.624 DEBUG 7600 --- [http-nio-8081-exec-8] o.s.w.f.CommonsRequestLoggingFilter      : Before request [GET /rms/swagger-ui/favicon-32x32.png?v=3.0.0, client=0:0:0:0:0:0:0:1]
2021-12-15 17:11:33.628 DEBUG 7600 --- [http-nio-8081-exec-8] o.s.w.f.CommonsRequestLoggingFilter      : After request [GET /rms/swagger-ui/favicon-32x32.png?v=3.0.0, client=0:0:0:0:0:0:0:1]
2021-12-15 17:11:33.683 DEBUG 7600 --- [http-nio-8081-exec-7] o.s.w.f.CommonsRequestLoggingFilter      : After request [GET /rms/swagger-resources/configuration/ui, client=0:0:0:0:0:0:0:1]
2021-12-15 17:11:33.691 DEBUG 7600 --- [http-nio-8081-exec-9] o.s.w.f.CommonsRequestLoggingFilter      : Before request [GET /rms/swagger-resources/configuration/security, client=0:0:0:0:0:0:0:1]
2021-12-15 17:11:33.694 DEBUG 7600 --- [http-nio-8081-exec-9] o.s.w.f.CommonsRequestLoggingFilter      : After request [GET /rms/swagger-resources/configuration/security, client=0:0:0:0:0:0:0:1]
2021-12-15 17:11:33.702 DEBUG 7600 --- [http-nio-8081-exec-10] o.s.w.f.CommonsRequestLoggingFilter      : Before request [GET /rms/swagger-resources, client=0:0:0:0:0:0:0:1]
2021-12-15 17:11:33.705 DEBUG 7600 --- [http-nio-8081-exec-10] o.s.w.f.CommonsRequestLoggingFilter      : After request [GET /rms/swagger-resources, client=0:0:0:0:0:0:0:1]
2021-12-15 17:11:33.743 DEBUG 7600 --- [http-nio-8081-exec-1] o.s.w.f.CommonsRequestLoggingFilter      : Before request [GET /rms/v2/api-docs, client=0:0:0:0:0:0:0:1]
2021-12-15 17:11:33.865 DEBUG 7600 --- [http-nio-8081-exec-1] o.s.w.f.CommonsRequestLoggingFilter      : After request [GET /rms/v2/api-docs, client=0:0:0:0:0:0:0:1]
